<?xml version="1.0" encoding="UTF-8"?>
<testng-results skipped="1" failed="0" ignored="0" total="4" passed="3">
  <reporter-output>
  </reporter-output>
  <suite name="ABCD" duration-ms="94" started-at="2019-05-25T17:41:45Z" finished-at="2019-05-25T17:41:45Z">
    <groups>
    </groups>
    <test name="Reg1" duration-ms="94" started-at="2019-05-25T17:41:45Z" finished-at="2019-05-25T17:41:45Z">
      <class name="abc.testng.A4">
        <test-method status="SKIP" signature="fourTest()[pri:0, instance:abc.testng.A4@1ae369b7]" name="fourTest" duration-ms="0" started-at="2019-05-25T17:41:45Z" finished-at="2019-05-25T17:41:45Z">
          <exception class="org.testng.SkipException">
            <message>
              <![CDATA[Skipped Test Case]]>
            </message>
            <full-stacktrace>
              <![CDATA[org.testng.SkipException: Skipped Test Case
at abc.testng.A4.fourTest(Unknown Source)
at sun.reflect.NativeMethodAccessorImpl.invoke0(Native Method)
at sun.reflect.NativeMethodAccessorImpl.invoke(NativeMethodAccessorImpl.java:62)
at sun.reflect.DelegatingMethodAccessorImpl.invoke(DelegatingMethodAccessorImpl.java:43)
at java.lang.reflect.Method.invoke(Method.java:498)
at org.testng.internal.MethodInvocationHelper.invokeMethod(MethodInvocationHelper.java:124)
at org.testng.internal.Invoker.invokeMethod(Invoker.java:580)
at org.testng.internal.Invoker.invokeTestMethod(Invoker.java:716)
at org.testng.internal.Invoker.invokeTestMethods(Invoker.java:988)
at org.testng.internal.TestMethodWorker.invokeTestMethods(TestMethodWorker.java:125)
at org.testng.internal.TestMethodWorker.run(TestMethodWorker.java:109)
at org.testng.TestRunner.privateRun(TestRunner.java:648)
at org.testng.TestRunner.run(TestRunner.java:505)
at org.testng.SuiteRunner.runTest(SuiteRunner.java:455)
at org.testng.SuiteRunner.runSequentially(SuiteRunner.java:450)
at org.testng.SuiteRunner.privateRun(SuiteRunner.java:415)
at org.testng.SuiteRunner.run(SuiteRunner.java:364)
at org.testng.SuiteRunnerWorker.runSuite(SuiteRunnerWorker.java:52)
at org.testng.SuiteRunnerWorker.run(SuiteRunnerWorker.java:84)
at org.testng.TestNG.runSuitesSequentially(TestNG.java:1208)
at org.testng.TestNG.runSuitesLocally(TestNG.java:1137)
at org.testng.TestNG.runSuites(TestNG.java:1049)
at org.testng.TestNG.run(TestNG.java:1017)
at org.testng.TestNG.privateMain(TestNG.java:1354)
at org.testng.TestNG.main(TestNG.java:1323)
]]>
            </full-stacktrace>
          </exception> <!-- org.testng.SkipException -->
          <reporter-output>
          </reporter-output>
        </test-method> <!-- fourTest -->
      </class> <!-- abc.testng.A4 -->
      <class name="abc.testng.A3">
        <test-method status="PASS" signature="threeTest()[pri:0, instance:abc.testng.A3@3834d63f]" name="threeTest" duration-ms="0" started-at="2019-05-25T17:41:45Z" finished-at="2019-05-25T17:41:45Z">
          <reporter-output>
          </reporter-output>
        </test-method> <!-- threeTest -->
      </class> <!-- abc.testng.A3 -->
      <class name="abc.testng.A2">
        <test-method status="PASS" signature="twoTest()[pri:0, instance:abc.testng.A2@17d99928]" name="twoTest" duration-ms="0" started-at="2019-05-25T17:41:45Z" finished-at="2019-05-25T17:41:45Z">
          <reporter-output>
          </reporter-output>
        </test-method> <!-- twoTest -->
      </class> <!-- abc.testng.A2 -->
      <class name="abc.testng.A1">
        <test-method status="PASS" signature="oneTest()[pri:0, instance:abc.testng.A1@47fd17e3]" name="oneTest" duration-ms="15" started-at="2019-05-25T17:41:45Z" finished-at="2019-05-25T17:41:45Z">
          <reporter-output>
          </reporter-output>
        </test-method> <!-- oneTest -->
      </class> <!-- abc.testng.A1 -->
    </test> <!-- Reg1 -->
  </suite> <!-- ABCD -->
</testng-results>
