<?xml version="1.0" encoding="UTF-8"?>
<!-- Generated by org.testng.reporters.JUnitXMLReporter -->
<testsuite hostname="DESKTOP-1I2EA29" name="Reg1" tests="4" failures="0" timestamp="25 May 2019 17:34:32 GMT" time="0.188" errors="0">
  <testcase name="oneTest" time="0.047" classname="abc.testng.A1"/>
  <testcase name="twoTest" time="0.016" classname="abc.testng.A2"/>
  <testcase name="threeTest" time="0.0" classname="abc.testng.A3"/>
  <testcase name="fourTest" time="0.016" classname="abc.testng.A4">
    <skipped/>
  </testcase> <!-- fourTest -->
</testsuite> <!-- Reg1 -->
